Vivado Simulator v2025.2
Copyright 1986-2022 Xilinx, Inc. All Rights Reserved.
Copyright 2022-2025 Advanced Micro Devices, Inc. All Rights Reserved.
Running: C:/AMDDesignTools/2025.2/Vivado/bin/unwrapped/win64.o/xelab.exe snn_seizure_tb -s snn_sim_new -debug typical -relax -log xelab_new.log 
Multi-threading is on. Using 2 slave threads.
Starting static elaboration
Pass Through NonSizing Optimizer
Completed static elaboration
Starting simulation data flow analysis
Completed simulation data flow analysis
Time Resolution for simulation is 1ps
Compiling module work.eeg_amplitude_encoder(CH0_MIN=16...
Compiling module work.lif_neuron(THRESHOLD=200)
Compiling module work.dense_layer(THRESHOLD=200)
Compiling module work.lif_neuron(INPUTS=8,THRESHOLD=10...
Compiling module work.dense_layer(INPUTS=8,NEURONS=1,T...
Compiling module work.firing_rate_decoder(FIRE_THRESHO...
Compiling module work.snn_seizure_top
Compiling module work.snn_seizure_tb
Built simulation snapshot snn_sim_new
