Vivado Simulator v2025.2
Copyright 1986-2022 Xilinx, Inc. All Rights Reserved.
Copyright 2022-2025 Advanced Micro Devices, Inc. All Rights Reserved.
Running: C:/AMDDesignTools/2025.2/Vivado/bin/unwrapped/win64.o/xelab.exe -debug typical -relax snn_seizure_tb -s snn_tb_final -log xelab_final.log 
Multi-threading is on. Using 2 slave threads.
Starting static elaboration
Pass Through NonSizing Optimizer
Completed static elaboration
Starting simulation data flow analysis
Completed simulation data flow analysis
Time Resolution for simulation is 1ps
Compiling module work.eeg_amplitude_encoder(CH0_MIN=16...
Compiling module work.lif_neuron
Compiling module work.dense_layer(WEIGHT_FILE="layer1_...
Compiling module work.lif_neuron(INPUTS=8)
Compiling module work.dense_layer(INPUTS=8,NEURONS=1,W...
Compiling module work.firing_rate_decoder(WINDOW_SIZE=...
Compiling module work.snn_seizure_top(LAYER_ALPHA=8'b0...
Compiling module work.snn_seizure_tb
Built simulation snapshot snn_tb_final
