#-----------------------------------------------------------
# xsim v2025.2 (64-bit)
# SW Build 6299465 on Fri Nov 14 19:35:11 GMT 2025
# IP Build 6300035 on Fri Nov 14 10:48:45 MST 2025
# SharedData Build 6298862 on Thu Nov 13 04:50:51 MST 2025
# Start of session at: Mon Apr 20 20:13:42 2026
# Process ID         : 6760
# Current directory  : C:/Users/rahul/Desktop/Projects/Epilepsy_Seizure_Detection/Epilepsy_Seizure_Detection_verilog
# Command line       : xsim.exe -log xsim_snn.log -mode tcl -source {xsim.dir/snn_tb_snap/xsim_script.tcl}
# Log file           : C:/Users/rahul/Desktop/Projects/Epilepsy_Seizure_Detection/Epilepsy_Seizure_Detection_verilog/xsim_snn.log
# Journal file       : C:/Users/rahul/Desktop/Projects/Epilepsy_Seizure_Detection/Epilepsy_Seizure_Detection_verilog\xsim.jou
# Running On         : system
# Platform           : Windows Server 2016 or Windows 10
# Operating System   : 26200
# Processor Detail   : AMD EPYC 7452 32-Core Processor                
# CPU Frequency      : 2346 MHz
# CPU Physical cores : 2
# CPU Logical cores  : 4
# Host memory        : 17121 MB
# Swap memory        : 3087 MB
# Total Virtual      : 20208 MB
# Available Virtual  : 10315 MB
#-----------------------------------------------------------
source xsim.dir/snn_tb_snap/xsim_script.tcl
# xsim {snn_tb_snap} -autoloadwcfg -runall -onfinish quit
Time resolution is 1 ps
run -all
Error: Post-ictal blanking violated: 1 alerts
Time: 1061010 ns  Iteration: 0  Process: /snn_seizure_tb/Initial171_18  Scope: snn_seizure_tb  File: C:/Users/rahul/Desktop/Projects/Epilepsy_Seizure_Detection/Epilepsy_Seizure_Detection_verilog/snn_seizure_tb.sv Line: 217
TB_FAIL: failures=1 pre=0 seizure=5 post=1
$finish called at time : 1061110 ns : File "C:/Users/rahul/Desktop/Projects/Epilepsy_Seizure_Detection/Epilepsy_Seizure_Detection_verilog/snn_seizure_tb.sv" Line 228
exit 0
INFO: [Common 17-206] Exiting xsim at Mon Apr 20 20:13:46 2026...
