Vivado Simulator v2025.2
Copyright 1986-2022 Xilinx, Inc. All Rights Reserved.
Copyright 2022-2025 Advanced Micro Devices, Inc. All Rights Reserved.
Running: C:/AMDDesignTools/2025.2/Vivado/bin/unwrapped/win64.o/xelab.exe --incr --debug typical --relax --mt 2 -L xil_defaultlib -L unisims_ver -L unimacro_ver -L secureip --snapshot snn_seizure_tb_behav xil_defaultlib.snn_seizure_tb xil_defaultlib.glbl -log elaborate.log 
Using 2 slave threads.
Starting static elaboration
Pass Through NonSizing Optimizer
Completed static elaboration
Starting simulation data flow analysis
Completed simulation data flow analysis
Time Resolution for simulation is 1ps
Compiling module xil_defaultlib.eeg_amplitude_encoder(CH0_MIN=16...
Compiling module xil_defaultlib.lif_neuron(THRESHOLD=200)
Compiling module xil_defaultlib.dense_layer(THRESHOLD=200)
Compiling module xil_defaultlib.lif_neuron(INPUTS=8,THRESHOLD=10...
Compiling module xil_defaultlib.dense_layer(INPUTS=8,NEURONS=1,T...
Compiling module xil_defaultlib.firing_rate_decoder(FIRE_THRESHO...
Compiling module xil_defaultlib.snn_seizure_top
Compiling module xil_defaultlib.snn_seizure_tb
Compiling module xil_defaultlib.glbl
Built simulation snapshot snn_seizure_tb_behav
